# project  configured on Fri Oct 25 13:34:00 2024 by
# waf 2.1.2 (abi 20, python 30c03f0 on linux)
# using ./waf configure --rtems=/home/sjaemin/development/rtems/6 --rtems-bsp=aarch64/raspberrypi4b
#
----------------------------------------
Setting top to
/home/sjaemin/development/rtems/app/pi_cluster
----------------------------------------
Setting out to
/home/sjaemin/development/rtems/app/pi_cluster/build
-----------------------------------------
----------------------------------------
RTEMS Version
6
----------------------------------------
Architectures
aarch64-rtems6
----------------------------------------
Board Support Package (BSP)
aarch64-rtems6-raspberrypi4b
----------------------------------------
Show commands
no
----------------------------------------
Long commands
no
-----------------------------------------
Checking for program 'aarch64-rtems6-gcc'
/home/sjaemin/development/rtems/6/bin/aarch64-rtems6-gcc
find program=['aarch64-rtems6-gcc'] paths=['/home/sjaemin/development/rtems/6/bin'] var='AARCH64_RTEMS6_GCC' -> ['/home/sjaemin/development/rtems/6/bin/aarch64-rtems6-gcc']
-----------------------------------------
Checking for program 'aarch64-rtems6-g++'
/home/sjaemin/development/rtems/6/bin/aarch64-rtems6-g++
find program=['aarch64-rtems6-g++'] paths=['/home/sjaemin/development/rtems/6/bin'] var='AARCH64_RTEMS6_G__' -> ['/home/sjaemin/development/rtems/6/bin/aarch64-rtems6-g++']
-----------------------------------------
Checking for program 'aarch64-rtems6-gcc'
/home/sjaemin/development/rtems/6/bin/aarch64-rtems6-gcc
find program=['aarch64-rtems6-gcc'] paths=['/home/sjaemin/development/rtems/6/bin'] var='AARCH64_RTEMS6_GCC' -> ['/home/sjaemin/development/rtems/6/bin/aarch64-rtems6-gcc']
-----------------------------------------
Checking for program 'aarch64-rtems6-ld'
/home/sjaemin/development/rtems/6/bin/aarch64-rtems6-ld
find program=['aarch64-rtems6-ld'] paths=['/home/sjaemin/development/rtems/6/bin'] var='AARCH64_RTEMS6_LD' -> ['/home/sjaemin/development/rtems/6/bin/aarch64-rtems6-ld']
-----------------------------------------
Checking for program 'aarch64-rtems6-ar'
/home/sjaemin/development/rtems/6/bin/aarch64-rtems6-ar
find program=['aarch64-rtems6-ar'] paths=['/home/sjaemin/development/rtems/6/bin'] var='AARCH64_RTEMS6_AR' -> ['/home/sjaemin/development/rtems/6/bin/aarch64-rtems6-ar']
-----------------------------------------
Checking for program 'aarch64-rtems6-nm'
/home/sjaemin/development/rtems/6/bin/aarch64-rtems6-nm
find program=['aarch64-rtems6-nm'] paths=['/home/sjaemin/development/rtems/6/bin'] var='AARCH64_RTEMS6_NM' -> ['/home/sjaemin/development/rtems/6/bin/aarch64-rtems6-nm']
---------------------------------------------
Checking for program 'aarch64-rtems6-objdump'
/home/sjaemin/development/rtems/6/bin/aarch64-rtems6-objdump
find program=['aarch64-rtems6-objdump'] paths=['/home/sjaemin/development/rtems/6/bin'] var='AARCH64_RTEMS6_OBJDUMP' -> ['/home/sjaemin/development/rtems/6/bin/aarch64-rtems6-objdump']
---------------------------------------------
Checking for program 'aarch64-rtems6-objcopy'
/home/sjaemin/development/rtems/6/bin/aarch64-rtems6-objcopy
find program=['aarch64-rtems6-objcopy'] paths=['/home/sjaemin/development/rtems/6/bin'] var='AARCH64_RTEMS6_OBJCOPY' -> ['/home/sjaemin/development/rtems/6/bin/aarch64-rtems6-objcopy']
---------------------------------------------
Checking for program 'aarch64-rtems6-readelf'
/home/sjaemin/development/rtems/6/bin/aarch64-rtems6-readelf
find program=['aarch64-rtems6-readelf'] paths=['/home/sjaemin/development/rtems/6/bin'] var='AARCH64_RTEMS6_READELF' -> ['/home/sjaemin/development/rtems/6/bin/aarch64-rtems6-readelf']
---------------------------------------------
Checking for program 'aarch64-rtems6-strip'
/home/sjaemin/development/rtems/6/bin/aarch64-rtems6-strip
find program=['aarch64-rtems6-strip'] paths=['/home/sjaemin/development/rtems/6/bin'] var='AARCH64_RTEMS6_STRIP' -> ['/home/sjaemin/development/rtems/6/bin/aarch64-rtems6-strip']
---------------------------------------------
Checking for program 'aarch64-rtems6-ranlib'
/home/sjaemin/development/rtems/6/bin/aarch64-rtems6-ranlib
find program=['aarch64-rtems6-ranlib'] paths=['/home/sjaemin/development/rtems/6/bin'] var='AARCH64_RTEMS6_RANLIB' -> ['/home/sjaemin/development/rtems/6/bin/aarch64-rtems6-ranlib']
---------------------------------------------
Checking for program 'rtems-ld'
/home/sjaemin/development/rtems/6/bin/rtems-ld
find program=['rtems-ld'] paths=['/home/sjaemin/development/rtems/6/bin'] var='RTEMS_LD' -> ['/home/sjaemin/development/rtems/6/bin/rtems-ld']
---------------------------------------------
Checking for program 'rtems-tld'
/home/sjaemin/development/rtems/6/bin/rtems-tld
find program=['rtems-tld'] paths=['/home/sjaemin/development/rtems/6/bin'] var='RTEMS_TLD' -> ['/home/sjaemin/development/rtems/6/bin/rtems-tld']
---------------------------------------------
Checking for program 'rtems-syms'
/home/sjaemin/development/rtems/6/bin/rtems-syms
find program=['rtems-syms'] paths=['/home/sjaemin/development/rtems/6/bin'] var='RTEMS_SYMS' -> ['/home/sjaemin/development/rtems/6/bin/rtems-syms']
---------------------------------------------
Checking for program 'rtems-bin2c'
/home/sjaemin/development/rtems/6/bin/rtems-bin2c
find program=['rtems-bin2c'] paths=['/home/sjaemin/development/rtems/6/bin'] var='RTEMS_BIN2C' -> ['/home/sjaemin/development/rtems/6/bin/rtems-bin2c']
---------------------------------------------
Checking for program 'tar'
/usr/bin/tar
find program=['tar'] paths=['/usr/local/sbin', '/usr/local/bin', '/usr/sbin', '/usr/bin', '/sbin', '/bin', '/usr/games', '/usr/local/games', '/snap/bin', '/snap/bin', '/usr/lib/gcc/arm-none-eabi', '/home/sjaemin/development/rtems/6/bin'] var='TAR' -> ['/usr/bin/tar']
---------------------------------------------
Checking for program 'gcc, cc'
/home/sjaemin/development/rtems/6/bin/aarch64-rtems6-gcc
find program=['gcc', 'cc'] paths=['/usr/local/sbin', '/usr/local/bin', '/usr/sbin', '/usr/bin', '/sbin', '/bin', '/usr/games', '/usr/local/games', '/snap/bin', '/snap/bin', '/usr/lib/gcc/arm-none-eabi', '/home/sjaemin/development/rtems/6/bin'] var='CC' -> ['/home/sjaemin/development/rtems/6/bin/aarch64-rtems6-gcc']
['/home/sjaemin/development/rtems/6/bin/aarch64-rtems6-gcc', '-dM', '-E', '-']
out: #define __DBL_MIN_EXP__ (-1021)
#define __LDBL_MANT_DIG__ 113
#define __UINT_LEAST16_MAX__ 0xffff
#define __ARM_SIZEOF_WCHAR_T 4
#define __ATOMIC_ACQUIRE 2
#define __FLT128_MAX_10_EXP__ 4932
#define __FLT_MIN__ 1.17549435082228750796873653722224568e-38F
#define __GCC_IEC_559_COMPLEX 2
#define __UINT_LEAST8_TYPE__ unsigned char
#define __DEC32_MIN_EXP__ (-94)
#define __INTMAX_C(c) c ## L
#define __CHAR_BIT__ 8
#define __UINT8_MAX__ 0xff
#define __USER_LABEL_PREFIX__ 
#define __WINT_MAX__ 0xffffffffU
#define __BFLT16_NORM_MAX__ 3.38953138925153547590470800371487867e+38BF16
#define __BFLT16_MIN_10_EXP__ (-37)
#define __WCHAR_MAX__ 0xffffffffU
#define __GCC_HAVE_SYNC_COMPARE_AND_SWAP_2 1
#define __GCC_HAVE_SYNC_COMPARE_AND_SWAP_4 1
#define __GCC_HAVE_SYNC_COMPARE_AND_SWAP_8 1
#define __GCC_ATOMIC_CHAR_LOCK_FREE 2
#define __GCC_IEC_559 2
#define __FLT32X_DECIMAL_DIG__ 17
#define __FLT_EVAL_METHOD__ 0
#define __FLT64_DECIMAL_DIG__ 17
#define __GCC_ATOMIC_CHAR32_T_LOCK_FREE 2
#define __UINT_FAST32_TYPE__ unsigned int
#define __UINT_FAST64_MAX__ 0xffffffffffffffffUL
#define __SIG_ATOMIC_TYPE__ int
#define __DBL_MIN_10_EXP__ (-307)
#define __FINITE_MATH_ONLY__ 0
#define __FLT32X_MAX_EXP__ 1024
#define __GCC_HAVE_SYNC_COMPARE_AND_SWAP_1 1
#define __GNUC_PATCHLEVEL__ 0
#define __FLT32_HAS_DENORM__ 1
#define __UINT_FAST8_MAX__ 0xffffffffU
#define __FLT32_MAX_10_EXP__ 38
#define __DEC64_MAX_EXP__ 385
#define __INT8_C(c) c
#define __ARM_64BIT_STATE 1
#define __INT_LEAST8_WIDTH__ 8
#define __UINT_LEAST64_MAX__ 0xffffffffffffffffUL
#define __SHRT_MAX__ 0x7fff
#define __ARM_FEATURE_IDIV 1
#define __FLT64X_MAX_10_EXP__ 4932
#define __BFLT16_MAX_EXP__ 128
#define __FLT64_NORM_MAX__ 1.79769313486231570814527423731704357e+308F64
#define __LDBL_IS_IEC_60559__ 1
#define __ARM_FP 14
#define __FLT64X_IS_IEC_60559__ 1
#define __FLT64X_HAS_QUIET_NAN__ 1
#define __WINT_TYPE__ unsigned int
#define __UINT_LEAST8_MAX__ 0xff
#define __FLT128_DENORM_MIN__ 6.47517511943802511092443895822764655e-4966F128
#define __UINTMAX_TYPE__ long unsigned int
#define __BFLT16_DECIMAL_DIG__ 4
#define __DEC32_EPSILON__ 1E-6DF
#define __FLT_EVAL_METHOD_TS_18661_3__ 0
#define __UINT32_MAX__ 0xffffffffU
#define __DBL_DENORM_MIN__ ((double)4.94065645841246544176568792868221372e-324L)
#define __AARCH64_CMODEL_SMALL__ 1
#define __LDBL_MAX_EXP__ 16384
#define __INT_FAST32_WIDTH__ 32
#define __FLT128_MIN_EXP__ (-16381)
#define __FLT128_MIN_10_EXP__ (-4931)
#define __FLT32X_IS_IEC_60559__ 1
#define __INT_LEAST16_WIDTH__ 16
#define __SCHAR_MAX__ 0x7f
#define __FLT128_MANT_DIG__ 113
#define __DBL_MAX__ ((double)1.79769313486231570814527423731704357e+308L)
#define __WCHAR_MIN__ 0U
#define __INT64_C(c) c ## L
#define __GCC_ATOMIC_POINTER_LOCK_FREE 2
#define __ATOMIC_SEQ_CST 5
#define __SIZEOF_INT__ 4
#define __INT_LEAST64_MAX__ 0x7fffffffffffffffL
#define __FLT32X_MANT_DIG__ 53
#define __LDBL_MAX__ 1.18973149535723176508575932662800702e+4932L
#define __FLT64X_EPSILON__ 1.92592994438723585305597794258492732e-34F64x
#define __STDC_HOSTED__ 1
#define __DEC64_MIN_EXP__ (-382)
#define __DBL_DIG__ 15
#define __FLT_EPSILON__ 1.19209289550781250000000000000000000e-7F
#define __SHRT_WIDTH__ 16
#define __DEC64_MIN__ 1E-383DD
#define __FLT32_IS_IEC_60559__ 1
#define __LDBL_MIN__ 3.36210314311209350626267781732175260e-4932L
#define __STDC_UTF_16__ 1
#define __DBL_IS_IEC_60559__ 1
#define __DEC32_MAX__ 9.999999E96DF
#define __FLT16_HAS_QUIET_NAN__ 1
#define __ARM_SIZEOF_MINIMAL_ENUM 4
#define __FLT64X_DENORM_MIN__ 6.47517511943802511092443895822764655e-4966F64x
#define __FP_FAST_FMA 1
#define __FLT32X_HAS_INFINITY__ 1
#define __FLT16_DIG__ 3
#define __INT_WIDTH__ 32
#define __BFLT16_DIG__ 2
#define __DECIMAL_DIG__ 36
#define __FLT64_EPSILON__ 2.22044604925031308084726333618164062e-16F64
#define __INT16_MAX__ 0x7fff
#define __FLT128_IS_IEC_60559__ 1
#define __FLT64X_MIN_10_EXP__ (-4931)
#define __LDBL_HAS_QUIET_NAN__ 1
#define __FLT16_MIN_EXP__ (-13)
#define __FLT64_MANT_DIG__ 53
#define __FLT64X_MANT_DIG__ 113
#define __GNUC__ 13
#define __FLT16_DECIMAL_DIG__ 5
#define __FLT_HAS_DENORM__ 1
#define __SIZEOF_LONG_DOUBLE__ 16
#define __FLT64_MAX_10_EXP__ 308
#define __FLT16_MAX_10_EXP__ 4
#define __INT_FAST32_MAX__ 0x7fffffff
#define __DBL_HAS_INFINITY__ 1
#define __HAVE_SPECULATION_SAFE_VALUE 1
#define __INTPTR_WIDTH__ 64
#define __FLT32X_HAS_DENORM__ 1
#define __INT_FAST16_TYPE__ int
#define __LDBL_HAS_DENORM__ 1
#define __BFLT16_EPSILON__ 7.81250000000000000000000000000000000e-3BF16
#define __FLT128_HAS_INFINITY__ 1
#define __DEC128_MAX__ 9.999999999999999999999999999999999E6144DL
#define __DEC32_MIN__ 1E-95DF
#define __DBL_MAX_EXP__ 1024
#define __WCHAR_WIDTH__ 32
#define __FLT32_MAX__ 3.40282346638528859811704183484516925e+38F32
#define __DEC128_EPSILON__ 1E-33DL
#define __GCC_ATOMIC_LONG_LOCK_FREE 2
#define __BFLT16_DENORM_MIN__ 9.18354961579912115600575419704879436e-41BF16
#define __FLT32_HAS_QUIET_NAN__ 1
#define __LONG_LONG_MAX__ 0x7fffffffffffffffLL
#define __SIZEOF_SIZE_T__ 8
#define __SIG_ATOMIC_WIDTH__ 32
#define __FLT64X_HAS_INFINITY__ 1
#define __ARM_ALIGN_MAX_PWR 28
#define __BFLT16_HAS_INFINITY__ 1
#define __SIZEOF_WINT_T__ 4
#define __LONG_LONG_WIDTH__ 64
#define __FLT32_MAX_EXP__ 128
#define __ARM_FP16_FORMAT_IEEE 1
#define __FP_FAST_FMAF32x 1
#define __FLT_MIN_EXP__ (-125)
#define __FLT32X_MIN_EXP__ (-1021)
#define __INT_FAST64_TYPE__ long int
#define __ARM_FP16_ARGS 1
#define __BFLT16_MAX__ 3.38953138925153547590470800371487867e+38BF16
#define __DBL_DECIMAL_DIG__ 17
#define __FP_FAST_FMAF 1
#define __FLT128_NORM_MAX__ 1.18973149535723176508575932662800702e+4932F128
#define __BFLT16_HAS_DENORM__ 1
#define __FLT64_DENORM_MIN__ 4.94065645841246544176568792868221372e-324F64
#define __ARM_FEATURE_CLZ 1
#define __FLT16_DENORM_MIN__ 5.96046447753906250000000000000000000e-8F16
#define __FLT64X_NORM_MAX__ 1.18973149535723176508575932662800702e+4932F64x
#define __SIZEOF_POINTER__ 8
#define __SIZE_TYPE__ long unsigned int
#define __FLT128_MIN__ 3.36210314311209350626267781732175260e-4932F128
#define __LP64__ 1
#define __DBL_HAS_QUIET_NAN__ 1
#define __FLT_EVAL_METHOD_C99__ 0
#define __USE_INIT_FINI__ 1
#define __FLT32X_EPSILON__ 2.22044604925031308084726333618164062e-16F32x
#define __DECIMAL_BID_FORMAT__ 1
#define __FLT64_MIN_EXP__ (-1021)
#define __LDBL_DECIMAL_DIG__ 36
#define __FLT_MAX__ 3.40282346638528859811704183484516925e+38F
#define __aarch64__ 1
#define __FLT64_MIN_10_EXP__ (-307)
#define __INT_FAST64_WIDTH__ 64
#define __FLT64X_DECIMAL_DIG__ 36
#define __DEC128_MIN__ 1E-6143DL
#define __REGISTER_PREFIX__ 
#define __UINT16_MAX__ 0xffff
#define __INTMAX_WIDTH__ 64
#define __GXX_ABI_VERSION 1018
#define __AARCH64EL__ 1
#define __UINT8_TYPE__ unsigned char
#define __FLT_DIG__ 6
#define __NO_INLINE__ 1
#define __DEC_EVAL_METHOD__ 2
#define __FLT_MANT_DIG__ 24
#define __FLT16_MIN_10_EXP__ (-4)
#define __VERSION__ "13.3.0 20240521 (RTEMS 6, RSB no-repo, Newlib 1b3dcfd)"
#define __UINT64_C(c) c ## UL
#define __INT_LEAST32_MAX__ 0x7fffffff
#define __GCC_ATOMIC_INT_LOCK_FREE 2
#define __FLT32X_MIN__ 2.22507385850720138309023271733240406e-308F32x
#define __FLT128_MAX_EXP__ 16384
#define __FLT32_MANT_DIG__ 24
#define __FLOAT_WORD_ORDER__ __ORDER_LITTLE_ENDIAN__
#define __DEC128_MAX_EXP__ 6145
#define __FLT16_MAX_EXP__ 16
#define __BIGGEST_ALIGNMENT__ 16
#define __INT32_C(c) c
#define __BFLT16_MIN__ 1.17549435082228750796873653722224568e-38BF16
#define __FLT128_HAS_DENORM__ 1
#define __FLT128_DIG__ 33
#define __SCHAR_WIDTH__ 8
#define __DEC64_EPSILON__ 1E-15DD
#define __ORDER_PDP_ENDIAN__ 3412
#define __DEC128_MIN_EXP__ (-6142)
#define __INT_FAST32_TYPE__ int
#define __UINT_LEAST16_TYPE__ short unsigned int
#define __UINT64_MAX__ 0xffffffffffffffffUL
#define __FLT_IS_IEC_60559__ 1
#define __GNUC_WIDE_EXECUTION_CHARSET_NAME "UTF-32LE"
#define __FLT64X_DIG__ 33
#define __ARM_FEATURE_FMA 1
#define __INT8_TYPE__ signed char
#define __ELF__ 1
#define __GCC_ASM_FLAG_OUTPUTS__ 1
#define __GCC_ATOMIC_TEST_AND_SET_TRUEVAL 1
#define __rtems__ 1
#define __BFLT16_HAS_QUIET_NAN__ 1
#define __FLT_RADIX__ 2
#define __INT_LEAST16_TYPE__ short int
#define __ARM_ARCH_PROFILE 65
#define __LDBL_EPSILON__ 1.92592994438723585305597794258492732e-34L
#define __UINTMAX_C(c) c ## UL
#define __ARM_PCS_AAPCS64 1
#define __SIG_ATOMIC_MAX__ 0x7fffffff
#define __INT64_MAX__ 0x7fffffffffffffffL
#define __INT_LEAST64_WIDTH__ 64
#define __GCC_ATOMIC_WCHAR_T_LOCK_FREE 2
#define __SIZEOF_PTRDIFF_T__ 8
#define __ATOMIC_RELAXED 0
#define __FLT32_HAS_INFINITY__ 1
#define __SIZEOF_LONG__ 8
#define __LDBL_DIG__ 33
#define __FLT64_IS_IEC_60559__ 1
#define __FLT16_IS_IEC_60559__ 1
#define __DEC32_SUBNORMAL_MIN__ 0.000001E-95DF
#define __INT_FAST16_MAX__ 0x7fffffff
#define __GCC_CONSTRUCTIVE_SIZE 64
#define __FLT64_DIG__ 15
#define __UINT_FAST32_MAX__ 0xffffffffU
#define __UINT_LEAST64_TYPE__ long unsigned int
#define __FLT16_EPSILON__ 9.76562500000000000000000000000000000e-4F16
#define __FLT_HAS_QUIET_NAN__ 1
#define __FLT_MAX_10_EXP__ 38
#define __LONG_MAX__ 0x7fffffffffffffffL
#define __FLT64X_HAS_DENORM__ 1
#define __FLT_HAS_INFINITY__ 1
#define __GNUC_EXECUTION_CHARSET_NAME "UTF-8"
#define __CHAR_UNSIGNED__ 1
#define __DBL_HAS_DENORM__ 1
#define __UINT_FAST16_TYPE__ unsigned int
#define __DEC64_MAX__ 9.999999999999999E384DD
#define __FLT32X_HAS_QUIET_NAN__ 1
#define __CHAR16_TYPE__ short unsigned int
#define __PRAGMA_REDEFINE_EXTNAME 1
#define __SIZE_WIDTH__ 64
#define __INT_LEAST16_MAX__ 0x7fff
#define __FLT16_NORM_MAX__ 6.55040000000000000000000000000000000e+4F16
#define __DEC64_MANT_DIG__ 16
#define __FLT32_DENORM_MIN__ 1.40129846432481707092372958328991613e-45F32
#define __INT_LEAST64_TYPE__ long int
#define __INT16_TYPE__ short int
#define __INT_LEAST8_TYPE__ signed char
#define __FLT16_MAX__ 6.55040000000000000000000000000000000e+4F16
#define __STDC_VERSION__ 201710L
#define __DEC32_MAX_EXP__ 97
#define __INT_FAST8_MAX__ 0x7fffffff
#define __ARM_ARCH 8
#define __FLT128_MAX__ 1.18973149535723176508575932662800702e+4932F128
#define __INTPTR_MAX__ 0x7fffffffffffffffL
#define __FLT64_HAS_QUIET_NAN__ 1
#define __INTMAX_TYPE__ long int
#define __FLT64X_MIN_EXP__ (-16381)
#define __FLT32_MIN_10_EXP__ (-37)
#define __FLT32X_DIG__ 15
#define __UINT16_C(c) c
#define __PTRDIFF_WIDTH__ 64
#define __INT_FAST16_WIDTH__ 32
#define __FLT64_HAS_INFINITY__ 1
#define __FLT64X_MAX__ 1.18973149535723176508575932662800702e+4932F64x
#define __FLT16_HAS_INFINITY__ 1
#define __SIG_ATOMIC_MIN__ (-__SIG_ATOMIC_MAX__ - 1)
#define __PTRDIFF_MAX__ 0x7fffffffffffffffL
#define __FLT16_MANT_DIG__ 11
#define __INTPTR_TYPE__ long int
#define __UINT16_TYPE__ short unsigned int
#define __WCHAR_TYPE__ unsigned int
#define __UINTPTR_MAX__ 0xffffffffffffffffUL
#define __ARM_ARCH_8A 1
#define __LDBL_HAS_INFINITY__ 1
#define __ARM_FEATURE_UNALIGNED 1
#define __FLT32_DECIMAL_DIG__ 9
#define __INT_FAST64_MAX__ 0x7fffffffffffffffL
#define __FLT_NORM_MAX__ 3.40282346638528859811704183484516925e+38F
#define __FLT64X_MAX_EXP__ 16384
#define __UINT_FAST64_TYPE__ long unsigned int
#define __BFLT16_MIN_EXP__ (-125)
#define __INT_MAX__ 0x7fffffff
#define __INT64_TYPE__ long int
#define __FLT_MAX_EXP__ 128
#define __ORDER_BIG_ENDIAN__ 4321
#define __DBL_MANT_DIG__ 53
#define __BFLT16_MANT_DIG__ 8
#define __GCC_ATOMIC_CHAR16_T_LOCK_FREE 2
#define __FP_FAST_FMAF32 1
#define __UINT_LEAST32_TYPE__ unsigned int
#define __SIZEOF_SHORT__ 2
#define __FLT32_NORM_MAX__ 3.40282346638528859811704183484516925e+38F32
#define __LDBL_MIN_EXP__ (-16381)
#define __GCC_ATOMIC_BOOL_LOCK_FREE 2
#define __FLT64_MAX__ 1.79769313486231570814527423731704357e+308F64
#define __WINT_WIDTH__ 32
#define __FP_FAST_FMAF64 1
#define __INT_LEAST8_MAX__ 0x7f
#define __FLT32X_MAX_10_EXP__ 308
#define __SIZEOF_INT128__ 16
#define __FLT16_MIN__ 6.10351562500000000000000000000000000e-5F16
#define __LDBL_MAX_10_EXP__ 4932
#define __DBL_EPSILON__ ((double)2.22044604925031308084726333618164062e-16L)
#define __INT_LEAST32_TYPE__ int
#define __FLT32_MIN_EXP__ (-125)
#define _LP64 1
#define __UINT8_C(c) c
#define __FLT64_MAX_EXP__ 1024
#define __SIZEOF_WCHAR_T__ 4
#define __UINT64_TYPE__ long unsigned int
#define __ARM_NEON 1
#define __FLT128_HAS_QUIET_NAN__ 1
#define __INTMAX_MAX__ 0x7fffffffffffffffL
#define __UINT_FAST8_TYPE__ unsigned int
#define __INT_FAST8_TYPE__ int
#define __FLT64X_MIN__ 3.36210314311209350626267781732175260e-4932F64x
#define __GNUC_STDC_INLINE__ 1
#define __FLT64_HAS_DENORM__ 1
#define __FLT32_EPSILON__ 1.19209289550781250000000000000000000e-7F32
#define __FLT16_HAS_DENORM__ 1
#define __STDC_UTF_32__ 1
#define __INT_FAST8_WIDTH__ 32
#define __FLT32X_MAX__ 1.79769313486231570814527423731704357e+308F32x
#define __DBL_NORM_MAX__ ((double)1.79769313486231570814527423731704357e+308L)
#define __BYTE_ORDER__ __ORDER_LITTLE_ENDIAN__
#define __ARM_ALIGN_MAX_STACK_PWR 16
#define __LDBL_DENORM_MIN__ 6.47517511943802511092443895822764655e-4966L
#define __GCC_DESTRUCTIVE_SIZE 256
#define __FLT32_DIG__ 6
#define __UINT32_C(c) c ## U
#define __WINT_MIN__ 0U
#define __INT8_MAX__ 0x7f
#define __LONG_WIDTH__ 64
#define __DBL_MIN__ ((double)2.22507385850720138309023271733240406e-308L)
#define __INT32_MAX__ 0x7fffffff
#define __BFLT16_MAX_10_EXP__ 38
#define __FLT32X_NORM_MAX__ 1.79769313486231570814527423731704357e+308F32x
#define __CHAR32_TYPE__ unsigned int
#define __ARM_FEATURE_NUMERIC_MAXMIN 1
#define __INT32_TYPE__ int
#define __SIZEOF_DOUBLE__ 8
#define __FLT64_MIN__ 2.22507385850720138309023271733240406e-308F64
#define __FLT_DENORM_MIN__ 1.40129846432481707092372958328991613e-45F
#define __INT_LEAST32_WIDTH__ 32
#define __SIZEOF_FLOAT__ 4
#define __ATOMIC_CONSUME 1
#define __SIZE_MAX__ 0xffffffffffffffffUL
#define __GNUC_MINOR__ 3
#define __UINTMAX_MAX__ 0xffffffffffffffffUL
#define __DEC32_MANT_DIG__ 7
#define __FLT32X_DENORM_MIN__ 4.94065645841246544176568792868221372e-324F32x
#define __DBL_MAX_10_EXP__ 308
#define __INT16_C(c) c
#define __ARM_ARCH_ISA_A64 1
#define __STDC__ 1
#define __PTRDIFF_TYPE__ long int
#define __BFLT16_IS_IEC_60559__ 0
#define __FLT32_MIN__ 1.17549435082228750796873653722224568e-38F32
#define __GCC_HAVE_SYNC_COMPARE_AND_SWAP_16 1
#define __UINT32_TYPE__ unsigned int
#define __FLT32X_MIN_10_EXP__ (-307)
#define __UINTPTR_TYPE__ long unsigned int
#define __DEC64_SUBNORMAL_MIN__ 0.000000000000001E-383DD
#define __DEC128_MANT_DIG__ 34
#define __LDBL_MIN_10_EXP__ (-4931)
#define __FLT128_EPSILON__ 1.92592994438723585305597794258492732e-34F128
#define __DEC128_SUBNORMAL_MIN__ 0.000000000000000000000000000000001E-6143DL
#define __SIZEOF_LONG_LONG__ 8
#define __FLT128_DECIMAL_DIG__ 36
#define __GCC_ATOMIC_LLONG_LOCK_FREE 2
#define __FLT_DECIMAL_DIG__ 9
#define __UINT_FAST16_MAX__ 0xffffffffU
#define __LDBL_NORM_MAX__ 1.18973149535723176508575932662800702e+4932L
#define __FLT_MIN_10_EXP__ (-37)
#define __GCC_ATOMIC_SHORT_LOCK_FREE 2
#define __ORDER_LITTLE_ENDIAN__ 1234
#define __UINT_LEAST32_MAX__ 0xffffffffU
#define __ATOMIC_ACQ_REL 4
#define __ATOMIC_RELEASE 3

---------------------------------------------
Checking for program 'ar'
/home/sjaemin/development/rtems/6/bin/aarch64-rtems6-ar
find program=['ar'] paths=['/usr/local/sbin', '/usr/local/bin', '/usr/sbin', '/usr/bin', '/sbin', '/bin', '/usr/games', '/usr/local/games', '/snap/bin', '/snap/bin', '/usr/lib/gcc/arm-none-eabi', '/home/sjaemin/development/rtems/6/bin'] var='AR' -> ['/home/sjaemin/development/rtems/6/bin/aarch64-rtems6-ar']
---------------------------------------------
Checking for program 'g++, c++'
/home/sjaemin/development/rtems/6/bin/aarch64-rtems6-g++
find program=['g++', 'c++'] paths=['/usr/local/sbin', '/usr/local/bin', '/usr/sbin', '/usr/bin', '/sbin', '/bin', '/usr/games', '/usr/local/games', '/snap/bin', '/snap/bin', '/usr/lib/gcc/arm-none-eabi', '/home/sjaemin/development/rtems/6/bin'] var='CXX' -> ['/home/sjaemin/development/rtems/6/bin/aarch64-rtems6-g++']
['/home/sjaemin/development/rtems/6/bin/aarch64-rtems6-g++', '-dM', '-E', '-']
out: #define __DBL_MIN_EXP__ (-1021)
#define __LDBL_MANT_DIG__ 113
#define __UINT_LEAST16_MAX__ 0xffff
#define __ARM_SIZEOF_WCHAR_T 4
#define __ATOMIC_ACQUIRE 2
#define __FLT128_MAX_10_EXP__ 4932
#define __FLT_MIN__ 1.17549435082228750796873653722224568e-38F
#define __GCC_IEC_559_COMPLEX 2
#define __UINT_LEAST8_TYPE__ unsigned char
#define __DEC32_MIN_EXP__ (-94)
#define __INTMAX_C(c) c ## L
#define __CHAR_BIT__ 8
#define __UINT8_MAX__ 0xff
#define __USER_LABEL_PREFIX__ 
#define __WINT_MAX__ 0xffffffffU
#define __BFLT16_NORM_MAX__ 3.38953138925153547590470800371487867e+38BF16
#define __BFLT16_MIN_10_EXP__ (-37)
#define __WCHAR_MAX__ 0xffffffffU
#define __GCC_HAVE_SYNC_COMPARE_AND_SWAP_2 1
#define __GCC_HAVE_SYNC_COMPARE_AND_SWAP_4 1
#define __GCC_HAVE_SYNC_COMPARE_AND_SWAP_8 1
#define __GCC_ATOMIC_CHAR_LOCK_FREE 2
#define __GCC_IEC_559 2
#define __FLT32X_DECIMAL_DIG__ 17
#define __FLT_EVAL_METHOD__ 0
#define __FLT64_DECIMAL_DIG__ 17
#define __GCC_ATOMIC_CHAR32_T_LOCK_FREE 2
#define __UINT_FAST32_TYPE__ unsigned int
#define __UINT_FAST64_MAX__ 0xffffffffffffffffUL
#define __SIG_ATOMIC_TYPE__ int
#define __DBL_MIN_10_EXP__ (-307)
#define __FINITE_MATH_ONLY__ 0
#define __FLT32X_MAX_EXP__ 1024
#define __GCC_HAVE_SYNC_COMPARE_AND_SWAP_1 1
#define __GNUC_PATCHLEVEL__ 0
#define __FLT32_HAS_DENORM__ 1
#define __UINT_FAST8_MAX__ 0xffffffffU
#define __FLT32_MAX_10_EXP__ 38
#define __DEC64_MAX_EXP__ 385
#define __INT8_C(c) c
#define __ARM_64BIT_STATE 1
#define __INT_LEAST8_WIDTH__ 8
#define __UINT_LEAST64_MAX__ 0xffffffffffffffffUL
#define __SHRT_MAX__ 0x7fff
#define __ARM_FEATURE_IDIV 1
#define __FLT64X_MAX_10_EXP__ 4932
#define __BFLT16_MAX_EXP__ 128
#define __FLT64_NORM_MAX__ 1.79769313486231570814527423731704357e+308F64
#define __LDBL_IS_IEC_60559__ 1
#define __ARM_FP 14
#define __FLT64X_IS_IEC_60559__ 1
#define __FLT64X_HAS_QUIET_NAN__ 1
#define __WINT_TYPE__ unsigned int
#define __UINT_LEAST8_MAX__ 0xff
#define __FLT128_DENORM_MIN__ 6.47517511943802511092443895822764655e-4966F128
#define __UINTMAX_TYPE__ long unsigned int
#define __BFLT16_DECIMAL_DIG__ 4
#define __DEC32_EPSILON__ 1E-6DF
#define __FLT_EVAL_METHOD_TS_18661_3__ 0
#define __UINT32_MAX__ 0xffffffffU
#define __DBL_DENORM_MIN__ ((double)4.94065645841246544176568792868221372e-324L)
#define __AARCH64_CMODEL_SMALL__ 1
#define __LDBL_MAX_EXP__ 16384
#define __INT_FAST32_WIDTH__ 32
#define __FLT128_MIN_EXP__ (-16381)
#define __FLT128_MIN_10_EXP__ (-4931)
#define __FLT32X_IS_IEC_60559__ 1
#define __INT_LEAST16_WIDTH__ 16
#define __SCHAR_MAX__ 0x7f
#define __FLT128_MANT_DIG__ 113
#define __DBL_MAX__ ((double)1.79769313486231570814527423731704357e+308L)
#define __WCHAR_MIN__ 0U
#define __INT64_C(c) c ## L
#define __GCC_ATOMIC_POINTER_LOCK_FREE 2
#define __ATOMIC_SEQ_CST 5
#define __SIZEOF_INT__ 4
#define __INT_LEAST64_MAX__ 0x7fffffffffffffffL
#define __FLT32X_MANT_DIG__ 53
#define __LDBL_MAX__ 1.18973149535723176508575932662800702e+4932L
#define __FLT64X_EPSILON__ 1.92592994438723585305597794258492732e-34F64x
#define __STDC_HOSTED__ 1
#define __DEC64_MIN_EXP__ (-382)
#define __DBL_DIG__ 15
#define __FLT_EPSILON__ 1.19209289550781250000000000000000000e-7F
#define __SHRT_WIDTH__ 16
#define __DEC64_MIN__ 1E-383DD
#define __FLT32_IS_IEC_60559__ 1
#define __LDBL_MIN__ 3.36210314311209350626267781732175260e-4932L
#define __STDC_UTF_16__ 1
#define __DBL_IS_IEC_60559__ 1
#define __DEC32_MAX__ 9.999999E96DF
#define __FLT16_HAS_QUIET_NAN__ 1
#define __ARM_SIZEOF_MINIMAL_ENUM 4
#define __FLT64X_DENORM_MIN__ 6.47517511943802511092443895822764655e-4966F64x
#define __FP_FAST_FMA 1
#define __FLT32X_HAS_INFINITY__ 1
#define __FLT16_DIG__ 3
#define __INT_WIDTH__ 32
#define __BFLT16_DIG__ 2
#define __DECIMAL_DIG__ 36
#define __FLT64_EPSILON__ 2.22044604925031308084726333618164062e-16F64
#define __INT16_MAX__ 0x7fff
#define __FLT128_IS_IEC_60559__ 1
#define __FLT64X_MIN_10_EXP__ (-4931)
#define __LDBL_HAS_QUIET_NAN__ 1
#define __FLT16_MIN_EXP__ (-13)
#define __FLT64_MANT_DIG__ 53
#define __FLT64X_MANT_DIG__ 113
#define __GNUC__ 13
#define __FLT16_DECIMAL_DIG__ 5
#define __FLT_HAS_DENORM__ 1
#define __SIZEOF_LONG_DOUBLE__ 16
#define __FLT64_MAX_10_EXP__ 308
#define __FLT16_MAX_10_EXP__ 4
#define __INT_FAST32_MAX__ 0x7fffffff
#define __DBL_HAS_INFINITY__ 1
#define __HAVE_SPECULATION_SAFE_VALUE 1
#define __INTPTR_WIDTH__ 64
#define __FLT32X_HAS_DENORM__ 1
#define __INT_FAST16_TYPE__ int
#define __LDBL_HAS_DENORM__ 1
#define __BFLT16_EPSILON__ 7.81250000000000000000000000000000000e-3BF16
#define __FLT128_HAS_INFINITY__ 1
#define __DEC128_MAX__ 9.999999999999999999999999999999999E6144DL
#define __DEC32_MIN__ 1E-95DF
#define __DBL_MAX_EXP__ 1024
#define __WCHAR_WIDTH__ 32
#define __FLT32_MAX__ 3.40282346638528859811704183484516925e+38F32
#define __DEC128_EPSILON__ 1E-33DL
#define __GCC_ATOMIC_LONG_LOCK_FREE 2
#define __BFLT16_DENORM_MIN__ 9.18354961579912115600575419704879436e-41BF16
#define __FLT32_HAS_QUIET_NAN__ 1
#define __LONG_LONG_MAX__ 0x7fffffffffffffffLL
#define __SIZEOF_SIZE_T__ 8
#define __SIG_ATOMIC_WIDTH__ 32
#define __FLT64X_HAS_INFINITY__ 1
#define __ARM_ALIGN_MAX_PWR 28
#define __BFLT16_HAS_INFINITY__ 1
#define __SIZEOF_WINT_T__ 4
#define __LONG_LONG_WIDTH__ 64
#define __FLT32_MAX_EXP__ 128
#define __ARM_FP16_FORMAT_IEEE 1
#define __FP_FAST_FMAF32x 1
#define __FLT_MIN_EXP__ (-125)
#define __FLT32X_MIN_EXP__ (-1021)
#define __INT_FAST64_TYPE__ long int
#define __ARM_FP16_ARGS 1
#define __BFLT16_MAX__ 3.38953138925153547590470800371487867e+38BF16
#define __DBL_DECIMAL_DIG__ 17
#define __FP_FAST_FMAF 1
#define __FLT128_NORM_MAX__ 1.18973149535723176508575932662800702e+4932F128
#define __BFLT16_HAS_DENORM__ 1
#define __FLT64_DENORM_MIN__ 4.94065645841246544176568792868221372e-324F64
#define __ARM_FEATURE_CLZ 1
#define __FLT16_DENORM_MIN__ 5.96046447753906250000000000000000000e-8F16
#define __FLT64X_NORM_MAX__ 1.18973149535723176508575932662800702e+4932F64x
#define __SIZEOF_POINTER__ 8
#define __SIZE_TYPE__ long unsigned int
#define __FLT128_MIN__ 3.36210314311209350626267781732175260e-4932F128
#define __LP64__ 1
#define __DBL_HAS_QUIET_NAN__ 1
#define __FLT_EVAL_METHOD_C99__ 0
#define __USE_INIT_FINI__ 1
#define __FLT32X_EPSILON__ 2.22044604925031308084726333618164062e-16F32x
#define __DECIMAL_BID_FORMAT__ 1
#define __FLT64_MIN_EXP__ (-1021)
#define __LDBL_DECIMAL_DIG__ 36
#define __FLT_MAX__ 3.40282346638528859811704183484516925e+38F
#define __aarch64__ 1
#define __FLT64_MIN_10_EXP__ (-307)
#define __INT_FAST64_WIDTH__ 64
#define __FLT64X_DECIMAL_DIG__ 36
#define __DEC128_MIN__ 1E-6143DL
#define __REGISTER_PREFIX__ 
#define __UINT16_MAX__ 0xffff
#define __INTMAX_WIDTH__ 64
#define __GXX_ABI_VERSION 1018
#define __AARCH64EL__ 1
#define __UINT8_TYPE__ unsigned char
#define __FLT_DIG__ 6
#define __NO_INLINE__ 1
#define __DEC_EVAL_METHOD__ 2
#define __FLT_MANT_DIG__ 24
#define __FLT16_MIN_10_EXP__ (-4)
#define __VERSION__ "13.3.0 20240521 (RTEMS 6, RSB no-repo, Newlib 1b3dcfd)"
#define __UINT64_C(c) c ## UL
#define __INT_LEAST32_MAX__ 0x7fffffff
#define __GCC_ATOMIC_INT_LOCK_FREE 2
#define __FLT32X_MIN__ 2.22507385850720138309023271733240406e-308F32x
#define __FLT128_MAX_EXP__ 16384
#define __FLT32_MANT_DIG__ 24
#define __FLOAT_WORD_ORDER__ __ORDER_LITTLE_ENDIAN__
#define __DEC128_MAX_EXP__ 6145
#define __FLT16_MAX_EXP__ 16
#define __BIGGEST_ALIGNMENT__ 16
#define __INT32_C(c) c
#define __BFLT16_MIN__ 1.17549435082228750796873653722224568e-38BF16
#define __FLT128_HAS_DENORM__ 1
#define __FLT128_DIG__ 33
#define __SCHAR_WIDTH__ 8
#define __DEC64_EPSILON__ 1E-15DD
#define __ORDER_PDP_ENDIAN__ 3412
#define __DEC128_MIN_EXP__ (-6142)
#define __INT_FAST32_TYPE__ int
#define __UINT_LEAST16_TYPE__ short unsigned int
#define __UINT64_MAX__ 0xffffffffffffffffUL
#define __FLT_IS_IEC_60559__ 1
#define __GNUC_WIDE_EXECUTION_CHARSET_NAME "UTF-32LE"
#define __FLT64X_DIG__ 33
#define __ARM_FEATURE_FMA 1
#define __INT8_TYPE__ signed char
#define __ELF__ 1
#define __GCC_ASM_FLAG_OUTPUTS__ 1
#define __GCC_ATOMIC_TEST_AND_SET_TRUEVAL 1
#define __rtems__ 1
#define __BFLT16_HAS_QUIET_NAN__ 1
#define __FLT_RADIX__ 2
#define __INT_LEAST16_TYPE__ short int
#define __ARM_ARCH_PROFILE 65
#define __LDBL_EPSILON__ 1.92592994438723585305597794258492732e-34L
#define __UINTMAX_C(c) c ## UL
#define __ARM_PCS_AAPCS64 1
#define __SIG_ATOMIC_MAX__ 0x7fffffff
#define __INT64_MAX__ 0x7fffffffffffffffL
#define __INT_LEAST64_WIDTH__ 64
#define __GCC_ATOMIC_WCHAR_T_LOCK_FREE 2
#define __SIZEOF_PTRDIFF_T__ 8
#define __ATOMIC_RELAXED 0
#define __FLT32_HAS_INFINITY__ 1
#define __SIZEOF_LONG__ 8
#define __LDBL_DIG__ 33
#define __FLT64_IS_IEC_60559__ 1
#define __FLT16_IS_IEC_60559__ 1
#define __DEC32_SUBNORMAL_MIN__ 0.000001E-95DF
#define __INT_FAST16_MAX__ 0x7fffffff
#define __GCC_CONSTRUCTIVE_SIZE 64
#define __FLT64_DIG__ 15
#define __UINT_FAST32_MAX__ 0xffffffffU
#define __UINT_LEAST64_TYPE__ long unsigned int
#define __FLT16_EPSILON__ 9.76562500000000000000000000000000000e-4F16
#define __FLT_HAS_QUIET_NAN__ 1
#define __FLT_MAX_10_EXP__ 38
#define __LONG_MAX__ 0x7fffffffffffffffL
#define __FLT64X_HAS_DENORM__ 1
#define __FLT_HAS_INFINITY__ 1
#define __GNUC_EXECUTION_CHARSET_NAME "UTF-8"
#define __CHAR_UNSIGNED__ 1
#define __DBL_HAS_DENORM__ 1
#define __UINT_FAST16_TYPE__ unsigned int
#define __DEC64_MAX__ 9.999999999999999E384DD
#define __FLT32X_HAS_QUIET_NAN__ 1
#define __CHAR16_TYPE__ short unsigned int
#define __PRAGMA_REDEFINE_EXTNAME 1
#define __SIZE_WIDTH__ 64
#define __INT_LEAST16_MAX__ 0x7fff
#define __FLT16_NORM_MAX__ 6.55040000000000000000000000000000000e+4F16
#define __DEC64_MANT_DIG__ 16
#define __FLT32_DENORM_MIN__ 1.40129846432481707092372958328991613e-45F32
#define __INT_LEAST64_TYPE__ long int
#define __INT16_TYPE__ short int
#define __INT_LEAST8_TYPE__ signed char
#define __FLT16_MAX__ 6.55040000000000000000000000000000000e+4F16
#define __STDC_VERSION__ 201710L
#define __DEC32_MAX_EXP__ 97
#define __INT_FAST8_MAX__ 0x7fffffff
#define __ARM_ARCH 8
#define __FLT128_MAX__ 1.18973149535723176508575932662800702e+4932F128
#define __INTPTR_MAX__ 0x7fffffffffffffffL
#define __FLT64_HAS_QUIET_NAN__ 1
#define __INTMAX_TYPE__ long int
#define __FLT64X_MIN_EXP__ (-16381)
#define __FLT32_MIN_10_EXP__ (-37)
#define __FLT32X_DIG__ 15
#define __UINT16_C(c) c
#define __PTRDIFF_WIDTH__ 64
#define __INT_FAST16_WIDTH__ 32
#define __FLT64_HAS_INFINITY__ 1
#define __FLT64X_MAX__ 1.18973149535723176508575932662800702e+4932F64x
#define __FLT16_HAS_INFINITY__ 1
#define __SIG_ATOMIC_MIN__ (-__SIG_ATOMIC_MAX__ - 1)
#define __PTRDIFF_MAX__ 0x7fffffffffffffffL
#define __FLT16_MANT_DIG__ 11
#define __INTPTR_TYPE__ long int
#define __UINT16_TYPE__ short unsigned int
#define __WCHAR_TYPE__ unsigned int
#define __UINTPTR_MAX__ 0xffffffffffffffffUL
#define __ARM_ARCH_8A 1
#define __LDBL_HAS_INFINITY__ 1
#define __ARM_FEATURE_UNALIGNED 1
#define __FLT32_DECIMAL_DIG__ 9
#define __INT_FAST64_MAX__ 0x7fffffffffffffffL
#define __FLT_NORM_MAX__ 3.40282346638528859811704183484516925e+38F
#define __FLT64X_MAX_EXP__ 16384
#define __UINT_FAST64_TYPE__ long unsigned int
#define __BFLT16_MIN_EXP__ (-125)
#define __INT_MAX__ 0x7fffffff
#define __INT64_TYPE__ long int
#define __FLT_MAX_EXP__ 128
#define __ORDER_BIG_ENDIAN__ 4321
#define __DBL_MANT_DIG__ 53
#define __BFLT16_MANT_DIG__ 8
#define __GCC_ATOMIC_CHAR16_T_LOCK_FREE 2
#define __FP_FAST_FMAF32 1
#define __UINT_LEAST32_TYPE__ unsigned int
#define __SIZEOF_SHORT__ 2
#define __FLT32_NORM_MAX__ 3.40282346638528859811704183484516925e+38F32
#define __LDBL_MIN_EXP__ (-16381)
#define __GCC_ATOMIC_BOOL_LOCK_FREE 2
#define __FLT64_MAX__ 1.79769313486231570814527423731704357e+308F64
#define __WINT_WIDTH__ 32
#define __FP_FAST_FMAF64 1
#define __INT_LEAST8_MAX__ 0x7f
#define __FLT32X_MAX_10_EXP__ 308
#define __SIZEOF_INT128__ 16
#define __FLT16_MIN__ 6.10351562500000000000000000000000000e-5F16
#define __LDBL_MAX_10_EXP__ 4932
#define __DBL_EPSILON__ ((double)2.22044604925031308084726333618164062e-16L)
#define __INT_LEAST32_TYPE__ int
#define __FLT32_MIN_EXP__ (-125)
#define _LP64 1
#define __UINT8_C(c) c
#define __FLT64_MAX_EXP__ 1024
#define __SIZEOF_WCHAR_T__ 4
#define __UINT64_TYPE__ long unsigned int
#define __ARM_NEON 1
#define __FLT128_HAS_QUIET_NAN__ 1
#define __INTMAX_MAX__ 0x7fffffffffffffffL
#define __UINT_FAST8_TYPE__ unsigned int
#define __INT_FAST8_TYPE__ int
#define __FLT64X_MIN__ 3.36210314311209350626267781732175260e-4932F64x
#define __GNUC_STDC_INLINE__ 1
#define __FLT64_HAS_DENORM__ 1
#define __FLT32_EPSILON__ 1.19209289550781250000000000000000000e-7F32
#define __FLT16_HAS_DENORM__ 1
#define __STDC_UTF_32__ 1
#define __INT_FAST8_WIDTH__ 32
#define __FLT32X_MAX__ 1.79769313486231570814527423731704357e+308F32x
#define __DBL_NORM_MAX__ ((double)1.79769313486231570814527423731704357e+308L)
#define __BYTE_ORDER__ __ORDER_LITTLE_ENDIAN__
#define __ARM_ALIGN_MAX_STACK_PWR 16
#define __LDBL_DENORM_MIN__ 6.47517511943802511092443895822764655e-4966L
#define __GCC_DESTRUCTIVE_SIZE 256
#define __FLT32_DIG__ 6
#define __UINT32_C(c) c ## U
#define __WINT_MIN__ 0U
#define __INT8_MAX__ 0x7f
#define __LONG_WIDTH__ 64
#define __DBL_MIN__ ((double)2.22507385850720138309023271733240406e-308L)
#define __INT32_MAX__ 0x7fffffff
#define __BFLT16_MAX_10_EXP__ 38
#define __FLT32X_NORM_MAX__ 1.79769313486231570814527423731704357e+308F32x
#define __CHAR32_TYPE__ unsigned int
#define __ARM_FEATURE_NUMERIC_MAXMIN 1
#define __INT32_TYPE__ int
#define __SIZEOF_DOUBLE__ 8
#define __FLT64_MIN__ 2.22507385850720138309023271733240406e-308F64
#define __FLT_DENORM_MIN__ 1.40129846432481707092372958328991613e-45F
#define __INT_LEAST32_WIDTH__ 32
#define __SIZEOF_FLOAT__ 4
#define __ATOMIC_CONSUME 1
#define __SIZE_MAX__ 0xffffffffffffffffUL
#define __GNUC_MINOR__ 3
#define __UINTMAX_MAX__ 0xffffffffffffffffUL
#define __DEC32_MANT_DIG__ 7
#define __FLT32X_DENORM_MIN__ 4.94065645841246544176568792868221372e-324F32x
#define __DBL_MAX_10_EXP__ 308
#define __INT16_C(c) c
#define __ARM_ARCH_ISA_A64 1
#define __STDC__ 1
#define __PTRDIFF_TYPE__ long int
#define __BFLT16_IS_IEC_60559__ 0
#define __FLT32_MIN__ 1.17549435082228750796873653722224568e-38F32
#define __GCC_HAVE_SYNC_COMPARE_AND_SWAP_16 1
#define __UINT32_TYPE__ unsigned int
#define __FLT32X_MIN_10_EXP__ (-307)
#define __UINTPTR_TYPE__ long unsigned int
#define __DEC64_SUBNORMAL_MIN__ 0.000000000000001E-383DD
#define __DEC128_MANT_DIG__ 34
#define __LDBL_MIN_10_EXP__ (-4931)
#define __FLT128_EPSILON__ 1.92592994438723585305597794258492732e-34F128
#define __DEC128_SUBNORMAL_MIN__ 0.000000000000000000000000000000001E-6143DL
#define __SIZEOF_LONG_LONG__ 8
#define __FLT128_DECIMAL_DIG__ 36
#define __GCC_ATOMIC_LLONG_LOCK_FREE 2
#define __FLT_DECIMAL_DIG__ 9
#define __UINT_FAST16_MAX__ 0xffffffffU
#define __LDBL_NORM_MAX__ 1.18973149535723176508575932662800702e+4932L
#define __FLT_MIN_10_EXP__ (-37)
#define __GCC_ATOMIC_SHORT_LOCK_FREE 2
#define __ORDER_LITTLE_ENDIAN__ 1234
#define __UINT_LEAST32_MAX__ 0xffffffffU
#define __ATOMIC_ACQ_REL 4
#define __ATOMIC_RELEASE 3

---------------------------------------------
Checking for program 'ar'
/home/sjaemin/development/rtems/6/bin/aarch64-rtems6-ar
find program=['ar'] paths=['/usr/local/sbin', '/usr/local/bin', '/usr/sbin', '/usr/bin', '/sbin', '/bin', '/usr/games', '/usr/local/games', '/snap/bin', '/snap/bin', '/usr/lib/gcc/arm-none-eabi', '/home/sjaemin/development/rtems/6/bin'] var='AR' -> ['/home/sjaemin/development/rtems/6/bin/aarch64-rtems6-ar']
---------------------------------------------
Checking for program 'gas, gcc'
/home/sjaemin/development/rtems/6/bin/aarch64-rtems6-gcc
find program=['gas', 'gcc'] paths=['/usr/local/sbin', '/usr/local/bin', '/usr/sbin', '/usr/bin', '/sbin', '/bin', '/usr/games', '/usr/local/games', '/snap/bin', '/snap/bin', '/usr/lib/gcc/arm-none-eabi', '/home/sjaemin/development/rtems/6/bin'] var='AS' -> ['/home/sjaemin/development/rtems/6/bin/aarch64-rtems6-gcc']
---------------------------------------------
Checking for program 'ar'
/home/sjaemin/development/rtems/6/bin/aarch64-rtems6-ar
find program=['ar'] paths=['/usr/local/sbin', '/usr/local/bin', '/usr/sbin', '/usr/bin', '/sbin', '/bin', '/usr/games', '/usr/local/games', '/snap/bin', '/snap/bin', '/usr/lib/gcc/arm-none-eabi', '/home/sjaemin/development/rtems/6/bin'] var='AR' -> ['/home/sjaemin/development/rtems/6/bin/aarch64-rtems6-ar']
---------------------------------------------
Checking for c flags '-MMD'
==>
int main() { return 0; }
<==
[1/1] Compiling [32mbuild/.conf_check_e0336387fd357b353f29413811b4a7fd/test.c[0m

['/home/sjaemin/development/rtems/6/bin/aarch64-rtems6-gcc', '-MMD', '../test.c', '-c', '-o/home/sjaemin/development/rtems/app/pi_cluster/build/.conf_check_e0336387fd357b353f29413811b4a7fd/testbuild/test.c.1.o']
yes
---------------------------------------------
Checking for cxx flags '-MMD'
==>
int main() { return 0; }
<==
[1/1] Compiling [32mbuild/.conf_check_d66c554a4eb588f7716d8cafcecef95d/test.cpp[0m

['/home/sjaemin/development/rtems/6/bin/aarch64-rtems6-g++', '-MMD', '../test.cpp', '-c', '-o/home/sjaemin/development/rtems/app/pi_cluster/build/.conf_check_d66c554a4eb588f7716d8cafcecef95d/testbuild/test.cpp.1.o']
yes
['/home/sjaemin/development/rtems/6/bin/aarch64-rtems6-gcc', '--version']
out: aarch64-rtems6-gcc (GCC) 13.3.0 20240521 (RTEMS 6, RSB no-repo, Newlib 1b3dcfd)
Copyright (C) 2023 Free Software Foundation, Inc.
This is free software; see the source for copying conditions.  There is NO
warranty; not even for MERCHANTABILITY or FITNESS FOR A PARTICULAR PURPOSE.


---------------------------------------------
Compiler version (aarch64-rtems6-gcc)
13.3.0 20240521 (RTEMS 6, RSB no-repo, Newlib 1b3dcfd)
Opening and load pkgconfig: /home/sjaemin/development/rtems/6/lib/pkgconfig/aarch64-rtems6-raspberrypi4b.pc
-----------------------------------------
CFLAGS ->
   -mcpu=cortex-a72 -march=armv8-a -isystem/home/sjaemin/development/rtems/6/aarch64-rtems6/raspberrypi4b/lib/include
LDFLAGS ->
   -B/home/sjaemin/development/rtems/6/aarch64-rtems6/raspberrypi4b/lib -qrtems -Wl,--gc-sections
LIB ->
pkconfig warning: Label not found: LIB
  
---------------------------------------------
Checking for a valid RTEMS BSP installation
==>
#include <rtems.h>
void Init(rtems_task_argument arg) { (void)arg; }
#define CONFIGURE_APPLICATION_DOES_NOT_NEED_CLOCK_DRIVER
#define CONFIGURE_MAXIMUM_TASKS 1
#define CONFIGURE_RTEMS_INIT_TASKS_TABLE
#define CONFIGURE_INIT
#include <rtems/confdefs.h>
<==
[1/2] Compiling [32mbuild/.conf_check_f1288dec71125f8a90f82dc0a53c5163/test.c[0m

['/home/sjaemin/development/rtems/6/bin/aarch64-rtems6-gcc', '-mcpu=cortex-a72', '-march=armv8-a', '-isystem/home/sjaemin/development/rtems/6/aarch64-rtems6/raspberrypi4b/lib/include', '-MMD', '../test.c', '-c', '-o/home/sjaemin/development/rtems/app/pi_cluster/build/.conf_check_f1288dec71125f8a90f82dc0a53c5163/testbuild/test.c.1.o']
[2/2] Linking [33mbuild/.conf_check_f1288dec71125f8a90f82dc0a53c5163/testbuild/testprog[0m

['/home/sjaemin/development/rtems/6/bin/aarch64-rtems6-gcc', '-mcpu=cortex-a72', '-march=armv8-a', '-isystem/home/sjaemin/development/rtems/6/aarch64-rtems6/raspberrypi4b/lib/include', '-MMD', '-B/home/sjaemin/development/rtems/6/aarch64-rtems6/raspberrypi4b/lib', '-qrtems', '-Wl,--gc-sections', 'test.c.1.o', '-o/home/sjaemin/development/rtems/app/pi_cluster/build/.conf_check_f1288dec71125f8a90f82dc0a53c5163/testbuild/testprog', '-Wl,-Bstatic', '-Wl,-Bdynamic']
yes
---------------------------------------------
Checking for RTEMS_DEBUG
==>
#include <rtems.h>
#ifndef RTEMS_DEBUG
  #error RTEMS_DEBUG is not defined
#endif
#if RTEMS_DEBUG
  /* RTEMS_DEBUG is true */
#else
  #error RTEMS_DEBUG is false
#endif
void Init(rtems_task_argument arg) { (void)arg; }
#define CONFIGURE_APPLICATION_DOES_NOT_NEED_CLOCK_DRIVER
#define CONFIGURE_MAXIMUM_TASKS 1
#define CONFIGURE_RTEMS_INIT_TASKS_TABLE
#define CONFIGURE_INIT
#include <rtems/confdefs.h>
<==
[1/2] Compiling [32mbuild/.conf_check_fa349d865d62e79537589b36d9e8eea1/test.c[0m

['/home/sjaemin/development/rtems/6/bin/aarch64-rtems6-gcc', '-mcpu=cortex-a72', '-march=armv8-a', '-isystem/home/sjaemin/development/rtems/6/aarch64-rtems6/raspberrypi4b/lib/include', '-MMD', '../test.c', '-c', '-o/home/sjaemin/development/rtems/app/pi_cluster/build/.conf_check_fa349d865d62e79537589b36d9e8eea1/testbuild/test.c.1.o']
err: ../test.c:3:4: error: #error RTEMS_DEBUG is not defined
    3 |   #error RTEMS_DEBUG is not defined
      |    ^~~~~
../test.c:8:4: error: #error RTEMS_DEBUG is false
    8 |   #error RTEMS_DEBUG is false
      |    ^~~~~

from /home/sjaemin/development/rtems/app/pi_cluster: Test does not build: Traceback (most recent call last):
  File "/home/sjaemin/development/rtems/app/pi_cluster/.waf3-2.1.2-5b48554f897113218781486acfe4d78e/waflib/Configure.py", line 337, in run_build
    bld.compile()
  File "/home/sjaemin/development/rtems/app/pi_cluster/.waf3-2.1.2-5b48554f897113218781486acfe4d78e/waflib/Build.py", line 176, in compile
    raise Errors.BuildError(self.producer.error)
waflib.Errors.BuildError: Build failed
 -> task in 'testprog' failed with exit status 1 (run with -v to display more information)

no
from /home/sjaemin/development/rtems/app/pi_cluster: The configuration failed
---------------------------------------------
Checking for RTEMS_MULTIPROCESSING
==>
#include <rtems.h>
#ifndef RTEMS_MULTIPROCESSING
  #error RTEMS_MULTIPROCESSING is not defined
#endif
#if RTEMS_MULTIPROCESSING
  /* RTEMS_MULTIPROCESSING is true */
#else
  #error RTEMS_MULTIPROCESSING is false
#endif
void Init(rtems_task_argument arg) { (void)arg; }
#define CONFIGURE_APPLICATION_DOES_NOT_NEED_CLOCK_DRIVER
#define CONFIGURE_MAXIMUM_TASKS 1
#define CONFIGURE_RTEMS_INIT_TASKS_TABLE
#define CONFIGURE_INIT
#include <rtems/confdefs.h>
<==
[1/2] Compiling [32mbuild/.conf_check_972f0080ee2b381b34c80a7fe16b68bb/test.c[0m

['/home/sjaemin/development/rtems/6/bin/aarch64-rtems6-gcc', '-mcpu=cortex-a72', '-march=armv8-a', '-isystem/home/sjaemin/development/rtems/6/aarch64-rtems6/raspberrypi4b/lib/include', '-MMD', '../test.c', '-c', '-o/home/sjaemin/development/rtems/app/pi_cluster/build/.conf_check_972f0080ee2b381b34c80a7fe16b68bb/testbuild/test.c.1.o']
err: ../test.c:3:4: error: #error RTEMS_MULTIPROCESSING is not defined
    3 |   #error RTEMS_MULTIPROCESSING is not defined
      |    ^~~~~
../test.c:8:4: error: #error RTEMS_MULTIPROCESSING is false
    8 |   #error RTEMS_MULTIPROCESSING is false
      |    ^~~~~

from /home/sjaemin/development/rtems/app/pi_cluster: Test does not build: Traceback (most recent call last):
  File "/home/sjaemin/development/rtems/app/pi_cluster/.waf3-2.1.2-5b48554f897113218781486acfe4d78e/waflib/Configure.py", line 337, in run_build
    bld.compile()
  File "/home/sjaemin/development/rtems/app/pi_cluster/.waf3-2.1.2-5b48554f897113218781486acfe4d78e/waflib/Build.py", line 176, in compile
    raise Errors.BuildError(self.producer.error)
waflib.Errors.BuildError: Build failed
 -> task in 'testprog' failed with exit status 1 (run with -v to display more information)

no
from /home/sjaemin/development/rtems/app/pi_cluster: The configuration failed
---------------------------------------------
Checking for RTEMS_NEWLIB
==>
#include <rtems.h>
#ifndef RTEMS_NEWLIB
  #error RTEMS_NEWLIB is not defined
#endif
#if RTEMS_NEWLIB
  /* RTEMS_NEWLIB is true */
#else
  #error RTEMS_NEWLIB is false
#endif
void Init(rtems_task_argument arg) { (void)arg; }
#define CONFIGURE_APPLICATION_DOES_NOT_NEED_CLOCK_DRIVER
#define CONFIGURE_MAXIMUM_TASKS 1
#define CONFIGURE_RTEMS_INIT_TASKS_TABLE
#define CONFIGURE_INIT
#include <rtems/confdefs.h>
<==
[1/2] Compiling [32mbuild/.conf_check_65be7fff4ca1924a377e45317cab27e2/test.c[0m

['/home/sjaemin/development/rtems/6/bin/aarch64-rtems6-gcc', '-mcpu=cortex-a72', '-march=armv8-a', '-isystem/home/sjaemin/development/rtems/6/aarch64-rtems6/raspberrypi4b/lib/include', '-MMD', '../test.c', '-c', '-o/home/sjaemin/development/rtems/app/pi_cluster/build/.conf_check_65be7fff4ca1924a377e45317cab27e2/testbuild/test.c.1.o']
[2/2] Linking [33mbuild/.conf_check_65be7fff4ca1924a377e45317cab27e2/testbuild/testprog[0m

['/home/sjaemin/development/rtems/6/bin/aarch64-rtems6-gcc', '-mcpu=cortex-a72', '-march=armv8-a', '-isystem/home/sjaemin/development/rtems/6/aarch64-rtems6/raspberrypi4b/lib/include', '-MMD', '-B/home/sjaemin/development/rtems/6/aarch64-rtems6/raspberrypi4b/lib', '-qrtems', '-Wl,--gc-sections', 'test.c.1.o', '-o/home/sjaemin/development/rtems/app/pi_cluster/build/.conf_check_65be7fff4ca1924a377e45317cab27e2/testbuild/testprog', '-Wl,-Bstatic', '-Wl,-Bdynamic']
yes
---------------------------------------------
Checking for RTEMS_POSIX_API
==>
#include <rtems.h>
#ifndef RTEMS_POSIX_API
  #error RTEMS_POSIX_API is not defined
#endif
#if RTEMS_POSIX_API
  /* RTEMS_POSIX_API is true */
#else
  #error RTEMS_POSIX_API is false
#endif
void Init(rtems_task_argument arg) { (void)arg; }
#define CONFIGURE_APPLICATION_DOES_NOT_NEED_CLOCK_DRIVER
#define CONFIGURE_MAXIMUM_TASKS 1
#define CONFIGURE_RTEMS_INIT_TASKS_TABLE
#define CONFIGURE_INIT
#include <rtems/confdefs.h>
<==
[1/2] Compiling [32mbuild/.conf_check_f99d7a6e7b4411b9018547f0fef13ea3/test.c[0m

['/home/sjaemin/development/rtems/6/bin/aarch64-rtems6-gcc', '-mcpu=cortex-a72', '-march=armv8-a', '-isystem/home/sjaemin/development/rtems/6/aarch64-rtems6/raspberrypi4b/lib/include', '-MMD', '../test.c', '-c', '-o/home/sjaemin/development/rtems/app/pi_cluster/build/.conf_check_f99d7a6e7b4411b9018547f0fef13ea3/testbuild/test.c.1.o']
[2/2] Linking [33mbuild/.conf_check_f99d7a6e7b4411b9018547f0fef13ea3/testbuild/testprog[0m

['/home/sjaemin/development/rtems/6/bin/aarch64-rtems6-gcc', '-mcpu=cortex-a72', '-march=armv8-a', '-isystem/home/sjaemin/development/rtems/6/aarch64-rtems6/raspberrypi4b/lib/include', '-MMD', '-B/home/sjaemin/development/rtems/6/aarch64-rtems6/raspberrypi4b/lib', '-qrtems', '-Wl,--gc-sections', 'test.c.1.o', '-o/home/sjaemin/development/rtems/app/pi_cluster/build/.conf_check_f99d7a6e7b4411b9018547f0fef13ea3/testbuild/testprog', '-Wl,-Bstatic', '-Wl,-Bdynamic']
yes
---------------------------------------------
Checking for RTEMS_SMP
==>
#include <rtems.h>
#ifndef RTEMS_SMP
  #error RTEMS_SMP is not defined
#endif
#if RTEMS_SMP
  /* RTEMS_SMP is true */
#else
  #error RTEMS_SMP is false
#endif
void Init(rtems_task_argument arg) { (void)arg; }
#define CONFIGURE_APPLICATION_DOES_NOT_NEED_CLOCK_DRIVER
#define CONFIGURE_MAXIMUM_TASKS 1
#define CONFIGURE_RTEMS_INIT_TASKS_TABLE
#define CONFIGURE_INIT
#include <rtems/confdefs.h>
<==
[1/2] Compiling [32mbuild/.conf_check_62c0ec0e408b8a03c1023524f1462da8/test.c[0m

['/home/sjaemin/development/rtems/6/bin/aarch64-rtems6-gcc', '-mcpu=cortex-a72', '-march=armv8-a', '-isystem/home/sjaemin/development/rtems/6/aarch64-rtems6/raspberrypi4b/lib/include', '-MMD', '../test.c', '-c', '-o/home/sjaemin/development/rtems/app/pi_cluster/build/.conf_check_62c0ec0e408b8a03c1023524f1462da8/testbuild/test.c.1.o']
err: ../test.c:3:4: error: #error RTEMS_SMP is not defined
    3 |   #error RTEMS_SMP is not defined
      |    ^~~~~
../test.c:8:4: error: #error RTEMS_SMP is false
    8 |   #error RTEMS_SMP is false
      |    ^~~~~

from /home/sjaemin/development/rtems/app/pi_cluster: Test does not build: Traceback (most recent call last):
  File "/home/sjaemin/development/rtems/app/pi_cluster/.waf3-2.1.2-5b48554f897113218781486acfe4d78e/waflib/Configure.py", line 337, in run_build
    bld.compile()
  File "/home/sjaemin/development/rtems/app/pi_cluster/.waf3-2.1.2-5b48554f897113218781486acfe4d78e/waflib/Build.py", line 176, in compile
    raise Errors.BuildError(self.producer.error)
waflib.Errors.BuildError: Build failed
 -> task in 'testprog' failed with exit status 1 (run with -v to display more information)

no
from /home/sjaemin/development/rtems/app/pi_cluster: The configuration failed
---------------------------------------------
Checking for RTEMS_NETWORKING
==>
#include <rtems.h>
#ifndef RTEMS_NETWORKING
  #error RTEMS_NETWORKING is not defined
#endif
#if RTEMS_NETWORKING
  /* RTEMS_NETWORKING is true */
#else
  #error RTEMS_NETWORKING is false
#endif
void Init(rtems_task_argument arg) { (void)arg; }
#define CONFIGURE_APPLICATION_DOES_NOT_NEED_CLOCK_DRIVER
#define CONFIGURE_MAXIMUM_TASKS 1
#define CONFIGURE_RTEMS_INIT_TASKS_TABLE
#define CONFIGURE_INIT
#include <rtems/confdefs.h>
<==
[1/2] Compiling [32mbuild/.conf_check_7faa49a81c41d16d5050f3004b8b2929/test.c[0m

['/home/sjaemin/development/rtems/6/bin/aarch64-rtems6-gcc', '-mcpu=cortex-a72', '-march=armv8-a', '-isystem/home/sjaemin/development/rtems/6/aarch64-rtems6/raspberrypi4b/lib/include', '-MMD', '../test.c', '-c', '-o/home/sjaemin/development/rtems/app/pi_cluster/build/.conf_check_7faa49a81c41d16d5050f3004b8b2929/testbuild/test.c.1.o']
err: ../test.c:3:4: error: #error RTEMS_NETWORKING is not defined
    3 |   #error RTEMS_NETWORKING is not defined
      |    ^~~~~
../test.c:8:4: error: #error RTEMS_NETWORKING is false
    8 |   #error RTEMS_NETWORKING is false
      |    ^~~~~

from /home/sjaemin/development/rtems/app/pi_cluster: Test does not build: Traceback (most recent call last):
  File "/home/sjaemin/development/rtems/app/pi_cluster/.waf3-2.1.2-5b48554f897113218781486acfe4d78e/waflib/Configure.py", line 337, in run_build
    bld.compile()
  File "/home/sjaemin/development/rtems/app/pi_cluster/.waf3-2.1.2-5b48554f897113218781486acfe4d78e/waflib/Build.py", line 176, in compile
    raise Errors.BuildError(self.producer.error)
waflib.Errors.BuildError: Build failed
 -> task in 'testprog' failed with exit status 1 (run with -v to display more information)

no
from /home/sjaemin/development/rtems/app/pi_cluster: The configuration failed
